<?xml version="1.0" encoding="UTF-8"?>
<!-- Generated by org.testng.reporters.JUnitXMLReporter -->
<testsuite hostname="DESKTOP-24KGKE7" name="TestBaidu" tests="4" failures="2" timestamp="23 Jan 2022 08:11:17 GMT" time="0.136" errors="0">
  <testcase name="@AfterClass afterClass" time="0.0" classname="Baidu.BaiduTest">
    <failure type="java.lang.NullPointerException">
      <![CDATA[java.lang.NullPointerException
	at Baidu.BaiduTest.afterClass(BaiduTest.java:55)
... Removed 24 stack frames]]>
    </failure>
  </testcase> <!-- @AfterClass afterClass -->
  <testcase name="atest" time="0.01" classname="Baidu.BaiduTest">
    <skipped/>
  </testcase> <!-- atest -->
  <testcase name="atest" time="0.011" classname="Baidu.BaiduTest">
    <failure type="java.lang.Error" message="Unresolved compilation problems: 
	The method ByxpathMethod(WebDriver, String) is undefined for the type String
	The method ByidMethod(WebDriver, String) is undefined for the type String
">
      <![CDATA[java.lang.Error: Unresolved compilation problems: 
	The method ByxpathMethod(WebDriver, String) is undefined for the type String
	The method ByidMethod(WebDriver, String) is undefined for the type String

	at Baidu.BaiduTest.atest(BaiduTest.java:25)
... Removed 24 stack frames]]>
    </failure>
  </testcase> <!-- atest -->
  <testcase name="btest" time="0.002" classname="Baidu.BaiduTest">
    <skipped/>
  </testcase> <!-- btest -->
  <testcase name="btest" time="0.001" classname="Baidu.BaiduTest">
    <failure type="java.lang.Error" message="Unresolved compilation problems: 
	The method ByxpathMethod(WebDriver, String) is undefined for the type String
	The method ByxpathMethod(WebDriver, String) is undefined for the type String
">
      <![CDATA[java.lang.Error: Unresolved compilation problems: 
	The method ByxpathMethod(WebDriver, String) is undefined for the type String
	The method ByxpathMethod(WebDriver, String) is undefined for the type String

	at Baidu.BaiduTest.btest(BaiduTest.java:41)
... Removed 24 stack frames]]>
    </failure>
  </testcase> <!-- btest -->
</testsuite> <!-- TestBaidu -->
